# JRE version: Java(TM) SE Runtime Environment 18.9 (11.0.15+8) (build 11.0.15+8-LTS-149)
# Java VM: Java HotSpot(TM) 64-Bit Server VM 18.9 (11.0.15+8-LTS-149, mixed mode, tiered, compressed oops, g1 gc, windows-amd64)
Heap:
 garbage-first heap   total 191488K, used 20231K [0x0000000080000000, 0x0000000100000000)
  region size 1024K, 8 young (8192K), 8 survivors (8192K)
 Metaspace       used 45226K, capacity 46260K, committed 46464K, reserved 1089536K
  class space    used 5269K, capacity 5704K, committed 5760K, reserved 1048576K
GC Heap History (10 events):
Event: 2.542 GC heap after
{Heap after GC invocations=4 (full 0):
 garbage-first heap   total 131072K, used 6310K [0x0000000080000000, 0x0000000100000000)
  region size 1024K, 2 young (2048K), 2 survivors (2048K)
 Metaspace       used 16807K, capacity 17133K, committed 17408K, reserved 1064960K
  class space    used 1824K, capacity 1974K, committed 2048K, reserved 1048576K
}
Event: 3.070 GC heap before
{Heap before GC invocations=4 (full 0):
 garbage-first heap   total 131072K, used 27814K [0x0000000080000000, 0x0000000100000000)
  region size 1024K, 24 young (24576K), 2 survivors (2048K)
 Metaspace       used 20864K, capacity 21236K, committed 21248K, reserved 1069056K
  class space    used 2392K, capacity 2560K, committed 2560K, reserved 1048576K
}
Event: 3.080 GC heap after
{Heap after GC invocations=5 (full 0):
 garbage-first heap   total 157696K, used 7074K [0x0000000080000000, 0x0000000100000000)
  region size 1024K, 3 young (3072K), 3 survivors (3072K)
 Metaspace       used 20864K, capacity 21236K, committed 21248K, reserved 1069056K
  class space    used 2392K, capacity 2560K, committed 2560K, reserved 1048576K
}
Event: 4.176 GC heap before
{Heap before GC invocations=6 (full 0):
 garbage-first heap   total 157696K, used 38818K [0x0000000080000000, 0x0000000100000000)
  region size 1024K, 35 young (35840K), 3 survivors (3072K)
 Metaspace       used 27981K, capacity 28525K, committed 28544K, reserved 1075200K
  class space    used 3245K, capacity 3443K, committed 3456K, reserved 1048576K
}
Event: 4.188 GC heap after
{Heap after GC invocations=7 (full 0):
 garbage-first heap   total 157696K, used 8446K [0x0000000080000000, 0x0000000100000000)
  region size 1024K, 4 young (4096K), 4 survivors (4096K)
 Metaspace       used 27981K, capacity 28525K, committed 28544K, reserved 1075200K
  class space    used 3245K, capacity 3443K, committed 3456K, reserved 1048576K
}
Event: 8.321 GC heap before
{Heap before GC invocations=7 (full 0):
 garbage-first heap   total 157696K, used 81150K [0x0000000080000000, 0x0000000100000000)
  region size 1024K, 76 young (77824K), 4 survivors (4096K)
 Metaspace       used 34953K, capacity 35756K, committed 35840K, reserved 1081344K
  class space    used 4082K, capacity 4399K, committed 4480K, reserved 1048576K
}
Event: 8.354 GC heap after
{Heap after GC invocations=8 (full 0):
 garbage-first heap   total 157696K, used 13566K [0x0000000080000000, 0x0000000100000000)
  region size 1024K, 9 young (9216K), 9 survivors (9216K)
 Metaspace       used 34953K, capacity 35756K, committed 35840K, reserved 1081344K
  class space    used 4082K, capacity 4399K, committed 4480K, reserved 1048576K
}
Event: 10.888 GC heap before
{Heap before GC invocations=9 (full 0):
 garbage-first heap   total 157696K, used 95486K [0x0000000080000000, 0x0000000100000000)
  region size 1024K, 89 young (91136K), 9 survivors (9216K)
 Metaspace       used 41985K, capacity 42952K, committed 43264K, reserved 1087488K
  class space    used 4888K, capacity 5279K, committed 5376K, reserved 1048576K
}
Event: 10.938 GC heap after
{Heap after GC invocations=10 (full 0):
 garbage-first heap   total 157696K, used 17826K [0x0000000080000000, 0x0000000100000000)
  region size 1024K, 10 young (10240K), 10 survivors (10240K)
 Metaspace       used 41985K, capacity 42952K, committed 43264K, reserved 1087488K
  class space    used 4888K, capacity 5279K, committed 5376K, reserved 1048576K
}
Event: 12.646 GC heap before
{Heap before GC invocations=10 (full 0):
 garbage-first heap   total 157696K, used 101794K [0x0000000080000000, 0x0000000100000000)
  region size 1024K, 92 young (94208K), 10 survivors (10240K)
 Metaspace       used 45226K, capacity 46260K, committed 46464K, reserved 1089536K
  class space    used 5269K, capacity 5704K, committed 5760K, reserved 1048576K
}

