# JRE version: Java(TM) SE Runtime Environment 18.9 (11.0.15+8) (build 11.0.15+8-LTS-149)
# Java VM: Java HotSpot(TM) 64-Bit Server VM 18.9 (11.0.15+8-LTS-149, mixed mode, tiered, compressed oops, g1 gc, windows-amd64)
Heap:
 garbage-first heap   total 157696K, used 102117K [0x0000000080000000, 0x0000000100000000)
  region size 1024K, 90 young (92160K), 6 survivors (6144K)
 Metaspace       used 44298K, capacity 45338K, committed 45568K, reserved 1089536K
  class space    used 5174K, capacity 5594K, committed 5632K, reserved 1048576K
GC Heap History (10 events):
Event: 3.759 GC heap before
{Heap before GC invocations=4 (full 0):
 garbage-first heap   total 131072K, used 26808K [0x0000000080000000, 0x0000000100000000)
  region size 1024K, 24 young (24576K), 2 survivors (2048K)
 Metaspace       used 20855K, capacity 21231K, committed 21248K, reserved 1069056K
  class space    used 2383K, capacity 2558K, committed 2560K, reserved 1048576K
}
Event: 3.768 GC heap after
{Heap after GC invocations=5 (full 0):
 garbage-first heap   total 131072K, used 7090K [0x0000000080000000, 0x0000000100000000)
  region size 1024K, 3 young (3072K), 3 survivors (3072K)
 Metaspace       used 20855K, capacity 21231K, committed 21248K, reserved 1069056K
  class space    used 2383K, capacity 2558K, committed 2560K, reserved 1048576K
}
Event: 4.872 GC heap before
{Heap before GC invocations=6 (full 0):
 garbage-first heap   total 131072K, used 38834K [0x0000000080000000, 0x0000000100000000)
  region size 1024K, 35 young (35840K), 3 survivors (3072K)
 Metaspace       used 28015K, capacity 28642K, committed 28928K, reserved 1075200K
  class space    used 3244K, capacity 3468K, committed 3584K, reserved 1048576K
}
Event: 4.886 GC heap after
{Heap after GC invocations=7 (full 0):
 garbage-first heap   total 157696K, used 8466K [0x0000000080000000, 0x0000000100000000)
  region size 1024K, 4 young (4096K), 4 survivors (4096K)
 Metaspace       used 28015K, capacity 28642K, committed 28928K, reserved 1075200K
  class space    used 3244K, capacity 3468K, committed 3584K, reserved 1048576K
}
Event: 6.742 GC heap before
{Heap before GC invocations=7 (full 0):
 garbage-first heap   total 157696K, used 57618K [0x0000000080000000, 0x0000000100000000)
  region size 1024K, 52 young (53248K), 4 survivors (4096K)
 Metaspace       used 32113K, capacity 32892K, committed 33024K, reserved 1079296K
  class space    used 3747K, capacity 4054K, committed 4096K, reserved 1048576K
}
Event: 6.763 GC heap after
{Heap after GC invocations=8 (full 0):
 garbage-first heap   total 157696K, used 12016K [0x0000000080000000, 0x0000000100000000)
  region size 1024K, 7 young (7168K), 7 survivors (7168K)
 Metaspace       used 32113K, capacity 32892K, committed 33024K, reserved 1079296K
  class space    used 3747K, capacity 4054K, committed 4096K, reserved 1048576K
}
Event: 7.544 GC heap before
{Heap before GC invocations=8 (full 0):
 garbage-first heap   total 157696K, used 36592K [0x0000000080000000, 0x0000000100000000)
  region size 1024K, 32 young (32768K), 7 survivors (7168K)
 Metaspace       used 35015K, capacity 35712K, committed 35840K, reserved 1081344K
  class space    used 4089K, capacity 4363K, committed 4480K, reserved 1048576K
}
Event: 7.567 GC heap after
{Heap after GC invocations=9 (full 0):
 garbage-first heap   total 157696K, used 13761K [0x0000000080000000, 0x0000000100000000)
  region size 1024K, 6 young (6144K), 6 survivors (6144K)
 Metaspace       used 35015K, capacity 35712K, committed 35840K, reserved 1081344K
  class space    used 4089K, capacity 4363K, committed 4480K, reserved 1048576K
}
Event: 10.072 GC heap before
{Heap before GC invocations=10 (full 0):
 garbage-first heap   total 157696K, used 76225K [0x0000000080000000, 0x0000000100000000)
  region size 1024K, 67 young (68608K), 6 survivors (6144K)
 Metaspace       used 41149K, capacity 42106K, committed 42368K, reserved 1087488K
  class space    used 4768K, capacity 5167K, committed 5248K, reserved 1048576K
}
Event: 10.104 GC heap after
{Heap after GC invocations=11 (full 0):
 garbage-first heap   total 157696K, used 17125K [0x0000000080000000, 0x0000000100000000)
  region size 1024K, 6 young (6144K), 6 survivors (6144K)
 Metaspace       used 41149K, capacity 42106K, committed 42368K, reserved 1087488K
  class space    used 4768K, capacity 5167K, committed 5248K, reserved 1048576K
}

