# JRE version: Java(TM) SE Runtime Environment 18.9 (11.0.15+8) (build 11.0.15+8-LTS-149)
# Java VM: Java HotSpot(TM) 64-Bit Server VM 18.9 (11.0.15+8-LTS-149, mixed mode, tiered, compressed oops, g1 gc, windows-amd64)
Heap:
 garbage-first heap   total 157696K, used 35961K [0x0000000080000000, 0x0000000100000000)
  region size 1024K, 32 young (32768K), 2 survivors (2048K)
 Metaspace       used 27551K, capacity 28083K, committed 28288K, reserved 1075200K
  class space    used 3185K, capacity 3389K, committed 3456K, reserved 1048576K
GC Heap History (10 events):
Event: 0.910 GC heap before
{Heap before GC invocations=0 (full 0):
 garbage-first heap   total 131072K, used 6144K [0x0000000080000000, 0x0000000100000000)
  region size 1024K, 7 young (7168K), 0 survivors (0K)
 Metaspace       used 6933K, capacity 7091K, committed 7296K, reserved 1056768K
  class space    used 610K, capacity 638K, committed 640K, reserved 1048576K
}
Event: 0.918 GC heap after
{Heap after GC invocations=1 (full 0):
 garbage-first heap   total 131072K, used 3396K [0x0000000080000000, 0x0000000100000000)
  region size 1024K, 1 young (1024K), 1 survivors (1024K)
 Metaspace       used 6933K, capacity 7091K, committed 7296K, reserved 1056768K
  class space    used 610K, capacity 638K, committed 640K, reserved 1048576K
}
Event: 1.453 GC heap before
{Heap before GC invocations=1 (full 0):
 garbage-first heap   total 131072K, used 8516K [0x0000000080000000, 0x0000000100000000)
  region size 1024K, 6 young (6144K), 1 survivors (1024K)
 Metaspace       used 9594K, capacity 9730K, committed 9984K, reserved 1058816K
  class space    used 871K, capacity 940K, committed 1024K, reserved 1048576K
}
Event: 1.458 GC heap after
{Heap after GC invocations=2 (full 0):
 garbage-first heap   total 131072K, used 4564K [0x0000000080000000, 0x0000000100000000)
  region size 1024K, 1 young (1024K), 1 survivors (1024K)
 Metaspace       used 9594K, capacity 9730K, committed 9984K, reserved 1058816K
  class space    used 871K, capacity 940K, committed 1024K, reserved 1048576K
}
Event: 2.355 GC heap before
{Heap before GC invocations=2 (full 0):
 garbage-first heap   total 131072K, used 14804K [0x0000000080000000, 0x0000000100000000)
  region size 1024K, 12 young (12288K), 1 survivors (1024K)
 Metaspace       used 13885K, capacity 14105K, committed 14336K, reserved 1062912K
  class space    used 1358K, capacity 1448K, committed 1536K, reserved 1048576K
}
Event: 2.365 GC heap after
{Heap after GC invocations=3 (full 0):
 garbage-first heap   total 131072K, used 5442K [0x0000000080000000, 0x0000000100000000)
  region size 1024K, 2 young (2048K), 2 survivors (2048K)
 Metaspace       used 13885K, capacity 14105K, committed 14336K, reserved 1062912K
  class space    used 1358K, capacity 1448K, committed 1536K, reserved 1048576K
}
Event: 2.905 GC heap before
{Heap before GC invocations=3 (full 0):
 garbage-first heap   total 131072K, used 20802K [0x0000000080000000, 0x0000000100000000)
  region size 1024K, 17 young (17408K), 2 survivors (2048K)
 Metaspace       used 16920K, capacity 17239K, committed 17408K, reserved 1064960K
  class space    used 1812K, capacity 1944K, committed 2048K, reserved 1048576K
}
Event: 2.924 GC heap after
{Heap after GC invocations=4 (full 0):
 garbage-first heap   total 131072K, used 6392K [0x0000000080000000, 0x0000000100000000)
  region size 1024K, 2 young (2048K), 2 survivors (2048K)
 Metaspace       used 16920K, capacity 17239K, committed 17408K, reserved 1064960K
  class space    used 1812K, capacity 1944K, committed 2048K, reserved 1048576K
}
Event: 3.444 GC heap before
{Heap before GC invocations=4 (full 0):
 garbage-first heap   total 131072K, used 26872K [0x0000000080000000, 0x0000000100000000)
  region size 1024K, 24 young (24576K), 2 survivors (2048K)
 Metaspace       used 20814K, capacity 21210K, committed 21248K, reserved 1069056K
  class space    used 2370K, capacity 2528K, committed 2560K, reserved 1048576K
}
Event: 3.454 GC heap after
{Heap after GC invocations=5 (full 0):
 garbage-first heap   total 157696K, used 7289K [0x0000000080000000, 0x0000000100000000)
  region size 1024K, 2 young (2048K), 2 survivors (2048K)
 Metaspace       used 20814K, capacity 21210K, committed 21248K, reserved 1069056K
  class space    used 2370K, capacity 2528K, committed 2560K, reserved 1048576K
}

