# JRE version: Java(TM) SE Runtime Environment 18.9 (11.0.15+8) (build 11.0.15+8-LTS-149)
# Java VM: Java HotSpot(TM) 64-Bit Server VM 18.9 (11.0.15+8-LTS-149, mixed mode, tiered, compressed oops, g1 gc, windows-amd64)
Heap:
 garbage-first heap   total 189440K, used 17095K [0x0000000080000000, 0x0000000100000000)
  region size 1024K, 5 young (5120K), 5 survivors (5120K)
 Metaspace       used 41104K, capacity 42010K, committed 42368K, reserved 1087488K
  class space    used 4760K, capacity 5135K, committed 5248K, reserved 1048576K
GC Heap History (10 events):
Event: 2.503 GC heap after
{Heap after GC invocations=4 (full 0):
 garbage-first heap   total 131072K, used 6374K [0x0000000080000000, 0x0000000100000000)
  region size 1024K, 2 young (2048K), 2 survivors (2048K)
 Metaspace       used 16821K, capacity 17133K, committed 17408K, reserved 1064960K
  class space    used 1824K, capacity 1974K, committed 2048K, reserved 1048576K
}
Event: 3.035 GC heap before
{Heap before GC invocations=4 (full 0):
 garbage-first heap   total 131072K, used 27878K [0x0000000080000000, 0x0000000100000000)
  region size 1024K, 24 young (24576K), 2 survivors (2048K)
 Metaspace       used 20857K, capacity 21232K, committed 21248K, reserved 1069056K
  class space    used 2374K, capacity 2558K, committed 2560K, reserved 1048576K
}
Event: 3.045 GC heap after
{Heap after GC invocations=5 (full 0):
 garbage-first heap   total 157696K, used 6964K [0x0000000080000000, 0x0000000100000000)
  region size 1024K, 3 young (3072K), 3 survivors (3072K)
 Metaspace       used 20857K, capacity 21232K, committed 21248K, reserved 1069056K
  class space    used 2374K, capacity 2558K, committed 2560K, reserved 1048576K
}
Event: 4.130 GC heap before
{Heap before GC invocations=6 (full 0):
 garbage-first heap   total 157696K, used 38708K [0x0000000080000000, 0x0000000100000000)
  region size 1024K, 35 young (35840K), 3 survivors (3072K)
 Metaspace       used 27760K, capacity 28356K, committed 28544K, reserved 1075200K
  class space    used 3202K, capacity 3429K, committed 3456K, reserved 1048576K
}
Event: 4.141 GC heap after
{Heap after GC invocations=7 (full 0):
 garbage-first heap   total 157696K, used 8454K [0x0000000080000000, 0x0000000100000000)
  region size 1024K, 4 young (4096K), 4 survivors (4096K)
 Metaspace       used 27760K, capacity 28356K, committed 28544K, reserved 1075200K
  class space    used 3202K, capacity 3429K, committed 3456K, reserved 1048576K
}
Event: 7.342 GC heap before
{Heap before GC invocations=7 (full 0):
 garbage-first heap   total 157696K, used 57606K [0x0000000080000000, 0x0000000100000000)
  region size 1024K, 53 young (54272K), 4 survivors (4096K)
 Metaspace       used 32317K, capacity 33032K, committed 33280K, reserved 1079296K
  class space    used 3764K, capacity 4058K, committed 4096K, reserved 1048576K
}
Event: 7.369 GC heap after
{Heap after GC invocations=8 (full 0):
 garbage-first heap   total 157696K, used 12042K [0x0000000080000000, 0x0000000100000000)
  region size 1024K, 7 young (7168K), 7 survivors (7168K)
 Metaspace       used 32317K, capacity 33032K, committed 33280K, reserved 1079296K
  class space    used 3764K, capacity 4058K, committed 4096K, reserved 1048576K
}
Event: 8.142 GC heap before
{Heap before GC invocations=8 (full 0):
 garbage-first heap   total 157696K, used 35594K [0x0000000080000000, 0x0000000100000000)
  region size 1024K, 31 young (31744K), 7 survivors (7168K)
 Metaspace       used 34974K, capacity 35756K, committed 35840K, reserved 1081344K
  class space    used 4081K, capacity 4399K, committed 4480K, reserved 1048576K
}
Event: 8.165 GC heap after
{Heap after GC invocations=9 (full 0):
 garbage-first heap   total 157696K, used 14268K [0x0000000080000000, 0x0000000100000000)
  region size 1024K, 6 young (6144K), 6 survivors (6144K)
 Metaspace       used 34974K, capacity 35756K, committed 35840K, reserved 1081344K
  class space    used 4081K, capacity 4399K, committed 4480K, reserved 1048576K
}
Event: 10.120 GC heap before
{Heap before GC invocations=10 (full 0):
 garbage-first heap   total 157696K, used 74684K [0x0000000080000000, 0x0000000100000000)
  region size 1024K, 65 young (66560K), 6 survivors (6144K)
 Metaspace       used 41104K, capacity 42010K, committed 42368K, reserved 1087488K
  class space    used 4760K, capacity 5135K, committed 5248K, reserved 1048576K
}

